<?xml version="1.0" encoding="UTF-8"?>
<!-- Generated by org.testng.reporters.JUnitXMLReporter -->
<testsuite ignored="0" hostname="DESKTOP-DJQBPR7" failures="2" tests="3" name="Surefire test" time="5.57" errors="0" timestamp="2021-10-09T13:21:54 HKT">
  <testcase classname="io.cucumber.testng.AbstractTestNGCucumberTests" name="runScenario" time="3.961"/>
  <testcase classname="io.cucumber.testng.AbstractTestNGCucumberTests" name="runScenario" time="0.799">
    <failure type="java.lang.AssertionError" message="expected:&amp;lt;200&amp;gt; but was:&amp;lt;500&amp;gt;">
      <![CDATA[java.lang.AssertionError: expected:<200> but was:<500>
at org.junit.Assert.fail(Assert.java:88)
at org.junit.Assert.failNotEquals(Assert.java:743)
at org.junit.Assert.assertEquals(Assert.java:118)
at org.junit.Assert.assertEquals(Assert.java:555)
at org.junit.Assert.assertEquals(Assert.java:542)
at StepDefinition.LoginAPIStep.statusCodeShouldBe(LoginAPIStep.java:81)
at ✽.status code should be 200(file:///F:/Project/API_Test/resources/features/LoginAPI.feature:25)
]]>
    </failure>
  </testcase> <!-- runScenario -->
  <testcase classname="io.cucumber.testng.AbstractTestNGCucumberTests" name="runScenario" time="0.251">
    <failure type="java.lang.AssertionError" message="expected:&amp;lt;200&amp;gt; but was:&amp;lt;500&amp;gt;">
      <![CDATA[java.lang.AssertionError: expected:<200> but was:<500>
at org.junit.Assert.fail(Assert.java:88)
at org.junit.Assert.failNotEquals(Assert.java:743)
at org.junit.Assert.assertEquals(Assert.java:118)
at org.junit.Assert.assertEquals(Assert.java:555)
at org.junit.Assert.assertEquals(Assert.java:542)
at StepDefinition.LoginAPIStep.iGetTheResponseCodeAs(LoginAPIStep.java:162)
at ✽.I get the response code as 200(file:///F:/Project/API_Test/resources/features/LoginAPI.feature:41)
]]>
    </failure>
  </testcase> <!-- runScenario -->
</testsuite> <!-- Surefire test -->
