<?xml version="1.0" encoding="UTF-8"?>
<!-- Generated by org.testng.reporters.JUnitXMLReporter -->
<testsuite hostname="Rahul-Sinha.local" ignored="0" name="Surefire test" tests="2" failures="1" timestamp="2021-10-09T19:19:17 HKT" time="2.995" errors="0">
  <testcase name="runScenario" time="2.027" classname="io.cucumber.testng.AbstractTestNGCucumberTests"/>
  <testcase name="runScenario" time="0.617" classname="io.cucumber.testng.AbstractTestNGCucumberTests">
    <failure type="java.lang.AssertionError" message="expected [200] but found [500]">
      <![CDATA[java.lang.AssertionError: expected [200] but found [500]
at StepDefinition.LoginAPIStep.statusCodeShouldBe(LoginAPIStep.java:78)
at ✽.status code should be 200(file:///Users/cncbiuser/Documents/API_Automation_TestNg/GIT_Repo_New/API_Test/src/test/resources/features/LoginAPI.feature:25)
... Removed 6 stack frames]]>
    </failure>
  </testcase> <!-- runScenario -->
</testsuite> <!-- Surefire test -->
