<?xml version="1.0" encoding="UTF-8"?>
<!-- Generated by org.testng.reporters.JUnitXMLReporter -->
<testsuite ignored="0" hostname="DESKTOP-DJQBPR7" failures="1" tests="2" name="Surefire test" time="5.15" errors="0" timestamp="2021-10-10T15:08:36 HKT">
  <testcase classname="io.cucumber.testng.AbstractTestNGCucumberTests" name="runScenario" time="3.92"/>
  <testcase classname="io.cucumber.testng.AbstractTestNGCucumberTests" name="runScenario" time="0.828">
    <failure type="java.lang.AssertionError" message="expected [200] but found [404]">
      <![CDATA[java.lang.AssertionError: expected [200] but found [404]
at StepDefinition.LoginAPIStep.statusCodeShouldBe(LoginAPIStep.java:77)
at ✽.status code should be 200(file:///F:/Project/API_Test/src/test/resources/features/LoginAPI.feature:25)
... Removed 6 stack frames]]>
    </failure>
  </testcase> <!-- runScenario -->
</testsuite> <!-- Surefire test -->
