<?xml version="1.0" encoding="UTF-8"?>
<testng-results ignored="0" total="2" passed="2" failed="0" skipped="0">
  <reporter-output>
  </reporter-output>
  <suite started-at="2021-10-10T15:20:43 HKT" name="Surefire suite" finished-at="2021-10-10T15:20:48 HKT" duration-ms="4784">
    <groups>
      <group name="cucumber">
        <method signature="AbstractTestNGCucumberTests.runScenario(io.cucumber.testng.PickleWrapper,io.cucumber.testng.FeatureWrapper)[pri:0, instance:Runner.TestRunner@36f0f1be]" name="runScenario" class="io.cucumber.testng.AbstractTestNGCucumberTests"/>
      </group> <!-- cucumber -->
    </groups>
    <test started-at="2021-10-10T15:20:43 HKT" name="Surefire test" finished-at="2021-10-10T15:20:48 HKT" duration-ms="4784">
      <class name="Runner.TestRunner">
        <test-method is-config="true" signature="setUpClass()[pri:0, instance:Runner.TestRunner@36f0f1be]" started-at="2021-10-10T15:20:43 HKT" name="setUpClass" finished-at="2021-10-10T15:20:44 HKT" duration-ms="357" status="PASS">
          <reporter-output>
          </reporter-output>
        </test-method> <!-- setUpClass -->
        <test-method signature="runScenario(io.cucumber.testng.PickleWrapper,io.cucumber.testng.FeatureWrapper)[pri:0, instance:Runner.TestRunner@36f0f1be]" started-at="2021-10-10T15:20:44 HKT" name="runScenario" description="Runs Cucumber Scenarios" data-provider="scenarios" finished-at="2021-10-10T15:20:47 HKT" duration-ms="3535" status="PASS">
          <params>
            <param index="0">
              <value>
                <![CDATA["Generate the OAuth Token with the given Post API"]]>
              </value>
            </param>
            <param index="1">
              <value>
                <![CDATA["Optional[Login to application using login API]"]]>
              </value>
            </param>
          </params>
          <reporter-output>
          </reporter-output>
        </test-method> <!-- runScenario -->
        <test-method signature="runScenario(io.cucumber.testng.PickleWrapper,io.cucumber.testng.FeatureWrapper)[pri:0, instance:Runner.TestRunner@36f0f1be]" started-at="2021-10-10T15:20:47 HKT" name="runScenario" description="Runs Cucumber Scenarios" data-provider="scenarios" finished-at="2021-10-10T15:20:48 HKT" duration-ms="842" status="PASS">
          <params>
            <param index="0">
              <value>
                <![CDATA["Generate the Login message using the bearer token"]]>
              </value>
            </param>
            <param index="1">
              <value>
                <![CDATA["Optional[Login to application using login API]"]]>
              </value>
            </param>
          </params>
          <reporter-output>
          </reporter-output>
        </test-method> <!-- runScenario -->
        <test-method is-config="true" signature="tearDownClass()[pri:0, instance:Runner.TestRunner@36f0f1be]" started-at="2021-10-10T15:20:48 HKT" name="tearDownClass" finished-at="2021-10-10T15:20:48 HKT" duration-ms="11" status="PASS">
          <reporter-output>
          </reporter-output>
        </test-method> <!-- tearDownClass -->
      </class> <!-- Runner.TestRunner -->
    </test> <!-- Surefire test -->
  </suite> <!-- Surefire suite -->
</testng-results>
