<?xml version="1.0" encoding="UTF-8"?>
<testng-results ignored="0" total="2" passed="1" failed="1" skipped="0">
  <reporter-output>
  </reporter-output>
  <suite started-at="2021-10-10T15:08:30 HKT" name="Surefire suite" finished-at="2021-10-10T15:08:35 HKT" duration-ms="5150">
    <groups>
      <group name="cucumber">
        <method signature="AbstractTestNGCucumberTests.runScenario(io.cucumber.testng.PickleWrapper,io.cucumber.testng.FeatureWrapper)[pri:0, instance:Runner.TestRunner@36f0f1be]" name="runScenario" class="io.cucumber.testng.AbstractTestNGCucumberTests"/>
      </group> <!-- cucumber -->
    </groups>
    <test started-at="2021-10-10T15:08:30 HKT" name="Surefire test" finished-at="2021-10-10T15:08:35 HKT" duration-ms="5150">
      <class name="Runner.TestRunner">
        <test-method is-config="true" signature="setUpClass()[pri:0, instance:Runner.TestRunner@36f0f1be]" started-at="2021-10-10T15:08:30 HKT" name="setUpClass" finished-at="2021-10-10T15:08:31 HKT" duration-ms="347" status="PASS">
          <reporter-output>
          </reporter-output>
        </test-method> <!-- setUpClass -->
        <test-method signature="runScenario(io.cucumber.testng.PickleWrapper,io.cucumber.testng.FeatureWrapper)[pri:0, instance:Runner.TestRunner@36f0f1be]" started-at="2021-10-10T15:08:31 HKT" name="runScenario" description="Runs Cucumber Scenarios" data-provider="scenarios" finished-at="2021-10-10T15:08:35 HKT" duration-ms="3920" status="PASS">
          <params>
            <param index="0">
              <value>
                <![CDATA["Generate the OAuth Token with the given Post API"]]>
              </value>
            </param>
            <param index="1">
              <value>
                <![CDATA["Optional[Login to application using login API]"]]>
              </value>
            </param>
          </params>
          <reporter-output>
          </reporter-output>
        </test-method> <!-- runScenario -->
        <test-method signature="runScenario(io.cucumber.testng.PickleWrapper,io.cucumber.testng.FeatureWrapper)[pri:0, instance:Runner.TestRunner@36f0f1be]" started-at="2021-10-10T15:08:35 HKT" name="runScenario" description="Runs Cucumber Scenarios" data-provider="scenarios" finished-at="2021-10-10T15:08:35 HKT" duration-ms="828" status="FAIL">
          <params>
            <param index="0">
              <value>
                <![CDATA["Generate the Login message using the bearer token"]]>
              </value>
            </param>
            <param index="1">
              <value>
                <![CDATA["Optional[Login to application using login API]"]]>
              </value>
            </param>
          </params>
          <exception class="java.lang.AssertionError">
            <message>
              <![CDATA[expected [200] but found [404]]]>
            </message>
            <full-stacktrace>
              <![CDATA[java.lang.AssertionError: expected [200] but found [404]
at org.testng.Assert.fail(Assert.java:99)
at org.testng.Assert.failNotEquals(Assert.java:1037)
at org.testng.Assert.assertEqualsImpl(Assert.java:140)
at org.testng.Assert.assertEquals(Assert.java:122)
at org.testng.Assert.assertEquals(Assert.java:907)
at org.testng.Assert.assertEquals(Assert.java:917)
at StepDefinition.LoginAPIStep.statusCodeShouldBe(LoginAPIStep.java:77)
at ✽.status code should be 200(file:///F:/Project/API_Test/src/test/resources/features/LoginAPI.feature:25)
]]>
            </full-stacktrace>
          </exception> <!-- java.lang.AssertionError -->
          <reporter-output>
          </reporter-output>
        </test-method> <!-- runScenario -->
        <test-method is-config="true" signature="tearDownClass()[pri:0, instance:Runner.TestRunner@36f0f1be]" started-at="2021-10-10T15:08:35 HKT" name="tearDownClass" finished-at="2021-10-10T15:08:35 HKT" duration-ms="14" status="PASS">
          <reporter-output>
          </reporter-output>
        </test-method> <!-- tearDownClass -->
      </class> <!-- Runner.TestRunner -->
    </test> <!-- Surefire test -->
  </suite> <!-- Surefire suite -->
</testng-results>
