<?xml version="1.0" encoding="UTF-8"?>
<testng-results ignored="0" total="3" passed="1" failed="2" skipped="0">
  <reporter-output>
  </reporter-output>
  <suite started-at="2021-10-09T13:24:50 HKT" name="Surefire suite" finished-at="2021-10-09T13:24:56 HKT" duration-ms="5341">
    <groups>
      <group name="cucumber">
        <method signature="AbstractTestNGCucumberTests.runScenario(io.cucumber.testng.PickleWrapper,io.cucumber.testng.FeatureWrapper)[pri:0, instance:Runner.TestRunner@36f0f1be]" name="runScenario" class="io.cucumber.testng.AbstractTestNGCucumberTests"/>
      </group> <!-- cucumber -->
    </groups>
    <test started-at="2021-10-09T13:24:50 HKT" name="Surefire test" finished-at="2021-10-09T13:24:56 HKT" duration-ms="5341">
      <class name="Runner.TestRunner">
        <test-method is-config="true" signature="setUpClass()[pri:0, instance:Runner.TestRunner@36f0f1be]" started-at="2021-10-09T13:24:50 HKT" name="setUpClass" finished-at="2021-10-09T13:24:51 HKT" duration-ms="489" status="PASS">
          <reporter-output>
          </reporter-output>
        </test-method> <!-- setUpClass -->
        <test-method signature="runScenario(io.cucumber.testng.PickleWrapper,io.cucumber.testng.FeatureWrapper)[pri:0, instance:Runner.TestRunner@36f0f1be]" started-at="2021-10-09T13:24:51 HKT" name="runScenario" description="Runs Cucumber Scenarios" data-provider="scenarios" finished-at="2021-10-09T13:24:54 HKT" duration-ms="3586" status="PASS">
          <params>
            <param index="0">
              <value>
                <![CDATA["Generate the OAuth Token with the given Post API"]]>
              </value>
            </param>
            <param index="1">
              <value>
                <![CDATA["Optional[Login to application using login API]"]]>
              </value>
            </param>
          </params>
          <reporter-output>
          </reporter-output>
        </test-method> <!-- runScenario -->
        <test-method signature="runScenario(io.cucumber.testng.PickleWrapper,io.cucumber.testng.FeatureWrapper)[pri:0, instance:Runner.TestRunner@36f0f1be]" started-at="2021-10-09T13:24:54 HKT" name="runScenario" description="Runs Cucumber Scenarios" data-provider="scenarios" finished-at="2021-10-09T13:24:55 HKT" duration-ms="925" status="FAIL">
          <params>
            <param index="0">
              <value>
                <![CDATA["Generate the Login message using the bearer token"]]>
              </value>
            </param>
            <param index="1">
              <value>
                <![CDATA["Optional[Login to application using login API]"]]>
              </value>
            </param>
          </params>
          <exception class="java.lang.AssertionError">
            <message>
              <![CDATA[expected:<200> but was:<500>]]>
            </message>
            <full-stacktrace>
              <![CDATA[java.lang.AssertionError: expected:<200> but was:<500>
at org.junit.Assert.fail(Assert.java:88)
at org.junit.Assert.failNotEquals(Assert.java:743)
at org.junit.Assert.assertEquals(Assert.java:118)
at org.junit.Assert.assertEquals(Assert.java:555)
at org.junit.Assert.assertEquals(Assert.java:542)
at StepDefinition.LoginAPIStep.statusCodeShouldBe(LoginAPIStep.java:81)
at ✽.status code should be 200(file:///F:/Project/API_Test/resources/features/LoginAPI.feature:25)
]]>
            </full-stacktrace>
          </exception> <!-- java.lang.AssertionError -->
          <reporter-output>
          </reporter-output>
        </test-method> <!-- runScenario -->
        <test-method signature="runScenario(io.cucumber.testng.PickleWrapper,io.cucumber.testng.FeatureWrapper)[pri:0, instance:Runner.TestRunner@36f0f1be]" started-at="2021-10-09T13:24:55 HKT" name="runScenario" description="Runs Cucumber Scenarios" data-provider="scenarios" finished-at="2021-10-09T13:24:55 HKT" duration-ms="264" status="FAIL">
          <params>
            <param index="0">
              <value>
                <![CDATA["Login to inMotion using the Bearer Token and Login Message."]]>
              </value>
            </param>
            <param index="1">
              <value>
                <![CDATA["Optional[Login to application using login API]"]]>
              </value>
            </param>
          </params>
          <exception class="java.lang.AssertionError">
            <message>
              <![CDATA[expected:<200> but was:<500>]]>
            </message>
            <full-stacktrace>
              <![CDATA[java.lang.AssertionError: expected:<200> but was:<500>
at org.junit.Assert.fail(Assert.java:88)
at org.junit.Assert.failNotEquals(Assert.java:743)
at org.junit.Assert.assertEquals(Assert.java:118)
at org.junit.Assert.assertEquals(Assert.java:555)
at org.junit.Assert.assertEquals(Assert.java:542)
at StepDefinition.LoginAPIStep.iGetTheResponseCodeAs(LoginAPIStep.java:162)
at ✽.I get the response code as 200(file:///F:/Project/API_Test/resources/features/LoginAPI.feature:41)
]]>
            </full-stacktrace>
          </exception> <!-- java.lang.AssertionError -->
          <reporter-output>
          </reporter-output>
        </test-method> <!-- runScenario -->
        <test-method is-config="true" signature="tearDownClass()[pri:0, instance:Runner.TestRunner@36f0f1be]" started-at="2021-10-09T13:24:55 HKT" name="tearDownClass" finished-at="2021-10-09T13:24:56 HKT" duration-ms="19" status="PASS">
          <reporter-output>
          </reporter-output>
        </test-method> <!-- tearDownClass -->
      </class> <!-- Runner.TestRunner -->
    </test> <!-- Surefire test -->
  </suite> <!-- Surefire suite -->
</testng-results>
